<?xml version="1.0" encoding="UTF-8"?>
<!-- Generated by org.testng.reporters.JUnitReportReporter -->
<testsuite hostname="LAPTOP-37A7A33Q" failures="0" tests="5" name="codes.Sampleee" time="0.025" errors="0" timestamp="2022-01-19T12:03:30 IST" skipped="0">
  <testcase classname="codes.Sampleee" name="disp4" time="0.004"/>
  <system-out/>
  <testcase classname="codes.Sampleee" name="disp2" time="0.006"/>
  <system-out/>
  <testcase classname="codes.Sampleee" name="disp5" time="0.002"/>
  <system-out/>
  <testcase classname="codes.Sampleee" name="disp1" time="0.010"/>
  <system-out/>
  <testcase classname="codes.Sampleee" name="disp3" time="0.003"/>
  <system-out/>
</testsuite> <!-- codes.Sampleee -->
