<?xml version="1.0" encoding="UTF-8"?>
<!-- Generated by org.testng.reporters.JUnitReportReporter -->
<testsuite hostname="LAPTOP-37A7A33Q" failures="0" tests="2" name="ojt.ExtentReportsDemo" time="15.458" errors="0" timestamp="2022-01-22T13:19:16 IST" skipped="0">
  <testcase classname="ojt.ExtentReportsDemo" name="VerifyGmailTittle" time="7.485"/>
  <system-out/>
  <testcase classname="ojt.ExtentReportsDemo" name="VerifyGoogleTittle" time="7.973"/>
  <system-out/>
</testsuite> <!-- ojt.ExtentReportsDemo -->
