<?xml version="1.0" encoding="UTF-8"?>
<!-- Generated by org.testng.reporters.JUnitReportReporter -->
<testsuite hostname="LAPTOP-37A7A33Q" failures="0" tests="1" name="codes.TestNGAnnotations" time="0.012" errors="0" timestamp="2022-01-19T13:47:36 IST" skipped="0">
  <testcase classname="codes.TestNGAnnotations" name="test" time="0.012"/>
  <system-out/>
</testsuite> <!-- codes.TestNGAnnotations -->
