<?xml version="1.0" encoding="UTF-8"?>
<!-- Generated by org.testng.reporters.JUnitReportReporter -->
<testsuite hostname="LAPTOP-37A7A33Q" failures="0" tests="2" name="ojt.AdvanceReports" time="24.831" errors="0" timestamp="2022-01-22T09:54:54 IST" skipped="0">
  <testcase classname="ojt.AdvanceReports" name="PassTest" time="13.013"/>
  <system-out>
    <![CDATA[Title is matching::Google  Google]]>
  </system-out>
  <testcase classname="ojt.AdvanceReports" name="failTest" time="11.818"/>
  <system-out>
    <![CDATA[Title is Not matching::Gmail  Google]]>
  </system-out>
</testsuite> <!-- ojt.AdvanceReports -->
