<?xml version="1.0" encoding="UTF-8"?>
<!-- Generated by org.testng.reporters.JUnitReportReporter -->
<testsuite hostname="LAPTOP-37A7A33Q" failures="0" tests="1" name="TestNg" time="0.010" errors="0" timestamp="2022-01-19T10:34:29 IST" skipped="0">
  <testcase classname="TestNg" name="jivan" time="0.010"/>
  <system-out/>
</testsuite> <!-- TestNg -->
