<?xml version="1.0" encoding="UTF-8"?>
<!-- Generated by org.testng.reporters.JUnitReportReporter -->
<testsuite hostname="LAPTOP-37A7A33Q" failures="0" tests="1" name="ojt.Propertiess" time="23.643" errors="0" timestamp="2022-01-20T11:40:02 IST" skipped="0">
  <testcase classname="ojt.Propertiess" name="operation" time="23.643"/>
  <system-out/>
</testsuite> <!-- ojt.Propertiess -->
